<?xml version="1.0" encoding="UTF-8"?>
<!-- Generated by org.testng.reporters.JUnitReportReporter -->
<testsuite hostname="LAPTOP-O6UDEKEP" failures="0" tests="1" name="com.telemarket.test.DistributeDataTest" time="21.692" errors="0" timestamp="2022-07-07T13:06:49 ICT" skipped="0">
  <testcase classname="com.telemarket.test.DistributeDataTest" name="clickStatusSetujuWithThreeBuketData" time="21.692"/>
  <system-out/>
</testsuite> <!-- com.telemarket.test.DistributeDataTest -->
