<?xml version="1.0" encoding="UTF-8"?>
<!-- Generated by org.testng.reporters.JUnitReportReporter -->
<testsuite hostname="DESKTOP-0MGR9KI" failures="0" tests="7" name="com.telemarket.task.test.agn.AGN_TestLogin" time="50.512" errors="0" timestamp="2022-07-11T05:15:22 ICT" skipped="0">
  <testcase classname="com.telemarket.task.test.agn.AGN_TestLogin" name="test_login_username_valid_password_valid" time="7.120"/>
  <system-out/>
  <testcase classname="com.telemarket.task.test.agn.AGN_TestLogin" name="test_login_username_valid_password_invalid" time="2.756"/>
  <system-out/>
  <testcase classname="com.telemarket.task.test.agn.AGN_TestLogin" name="test_login_username_invalid_password_invalid" time="2.689"/>
  <system-out/>
  <testcase classname="com.telemarket.task.test.agn.AGN_TestLogin" name="test_login_username_empty_password_empty" time="2.847"/>
  <system-out/>
  <testcase classname="com.telemarket.task.test.agn.AGN_TestLogin" name="testLogin_usernameAndPasswordValid_clickGreenUsername" time="7.372"/>
  <system-out/>
  <testcase classname="com.telemarket.task.test.agn.AGN_TestLogin" name="testLogin_usernameAndPasswordValid_clickGreenPassword" time="7.006"/>
  <system-out/>
  <testcase classname="com.telemarket.task.test.agn.AGN_TestLogin" name="testNavigate" time="20.722"/>
  <system-out/>
</testsuite> <!-- com.telemarket.task.test.agn.AGN_TestLogin -->
