<?xml version="1.0" encoding="UTF-8"?>
<!-- Generated by org.testng.reporters.JUnitReportReporter -->
<testsuite hostname="DESKTOP-0MGR9KI" failures="0" tests="9" name="com.telemarket.task.test.TLMKT_TestTaskFollowUp" time="131.656" errors="0" timestamp="2022-07-07T15:06:46 ICT" skipped="0">
  <testcase classname="com.telemarket.task.test.TLMKT_TestTaskFollowUp" name="test_followUp_search_valid" time="13.163"/>
  <system-out/>
  <testcase classname="com.telemarket.task.test.TLMKT_TestTaskFollowUp" name="test_followUp_search_valid" time="13.047"/>
  <system-out/>
  <testcase classname="com.telemarket.task.test.TLMKT_TestTaskFollowUp" name="test_followUp_search_valid" time="13.041"/>
  <system-out/>
  <testcase classname="com.telemarket.task.test.TLMKT_TestTaskFollowUp" name="test_followUp_search_empty_and_unusual" time="12.677"/>
  <system-out/>
  <testcase classname="com.telemarket.task.test.TLMKT_TestTaskFollowUp" name="test_followUp_search_empty_and_unusual" time="12.327"/>
  <system-out/>
  <testcase classname="com.telemarket.task.test.TLMKT_TestTaskFollowUp" name="test_followUp_search_empty_and_unusual" time="12.080"/>
  <system-out/>
  <testcase classname="com.telemarket.task.test.TLMKT_TestTaskFollowUp" name="test_followUp_search_empty_and_unusual" time="12.085"/>
  <system-out/>
  <testcase classname="com.telemarket.task.test.TLMKT_TestTaskFollowUp" name="test_followUp_export_data" time="13.944"/>
  <system-out/>
  <testcase classname="com.telemarket.task.test.TLMKT_TestTaskFollowUp" name="testFollowUp_clickTable_gotoActivity" time="29.292"/>
  <system-out/>
</testsuite> <!-- com.telemarket.task.test.TLMKT_TestTaskFollowUp -->
