<?xml version="1.0" encoding="UTF-8"?>
<!-- Generated by org.testng.reporters.JUnitReportReporter -->
<testsuite hostname="DESKTOP-0MGR9KI" failures="0" tests="4" name="com.telemarket.task.test.TLMKT_TestTaskFinal" time="67.681" errors="0" timestamp="2022-07-07T15:06:46 ICT" skipped="0">
  <testcase classname="com.telemarket.task.test.TLMKT_TestTaskFinal" name="test_final_page" time="8.152"/>
  <system-out/>
  <testcase classname="com.telemarket.task.test.TLMKT_TestTaskFinal" name="test_final_search_valid" time="16.647"/>
  <system-out/>
  <testcase classname="com.telemarket.task.test.TLMKT_TestTaskFinal" name="test_final_search_valid_greenBtn" time="15.659"/>
  <system-out/>
  <testcase classname="com.telemarket.task.test.TLMKT_TestTaskFinal" name="testFinal_clickTable_gotoActivity" time="27.223"/>
  <system-out/>
</testsuite> <!-- com.telemarket.task.test.TLMKT_TestTaskFinal -->
