<?xml version="1.0" encoding="UTF-8"?>
<!-- Generated by org.testng.reporters.JUnitReportReporter -->
<testsuite hostname="DESKTOP-0MGR9KI" failures="0" tests="7" name="com.telemarket.task.test.agn.AGN_TestLogin" time="68.746" errors="0" timestamp="2022-07-12T14:13:27 ICT" skipped="0">
  <testcase classname="com.telemarket.task.test.agn.AGN_TestLogin" name="testAGNLogin_validUsernamePassword" time="10.786"/>
  <system-out/>
  <testcase classname="com.telemarket.task.test.agn.AGN_TestLogin" name="testAGNLogin_validUsername_invalidPassword" time="5.042"/>
  <system-out/>
  <testcase classname="com.telemarket.task.test.agn.AGN_TestLogin" name="testAGNLogin_invalidUsernamePassword" time="5.702"/>
  <system-out/>
  <testcase classname="com.telemarket.task.test.agn.AGN_TestLogin" name="testAGNLogin_emptyUsernamePassword" time="5.169"/>
  <system-out/>
  <testcase classname="com.telemarket.task.test.agn.AGN_TestLogin" name="testAGNLogin_validUsernamePassword_btnGreenAtUsername" time="9.060"/>
  <system-out/>
  <testcase classname="com.telemarket.task.test.agn.AGN_TestLogin" name="testAGNLogin_validUsernamePassword_btnGreenAtPassword" time="9.271"/>
  <system-out/>
  <testcase classname="com.telemarket.task.test.agn.AGN_TestLogin" name="testAGNLogin_navigateMainPage" time="23.716"/>
  <system-out/>
</testsuite> <!-- com.telemarket.task.test.agn.AGN_TestLogin -->
