<?xml version="1.0" encoding="UTF-8"?>
<!-- Generated by org.testng.reporters.JUnitReportReporter -->
<testsuite hostname="DESKTOP-0MGR9KI" failures="0" tests="1" name="com.telemarket.task.test.TestLogin" time="8.268" errors="0" timestamp="2022-07-06T09:57:33 ICT" skipped="0">
  <testcase classname="com.telemarket.task.test.TestLogin" name="test_login_username_valid_password_valid" time="8.268"/>
  <system-out>
    <![CDATA[<img src='file://D:\selenium-workspace\TLMKT\TELEMARKETING\hasilScreenshot\20220706_095729.png'height="450" width="1017"/>]]>
  </system-out>
</testsuite> <!-- com.telemarket.task.test.TestLogin -->
