<?xml version="1.0" encoding="UTF-8"?>
<!-- Generated by org.testng.reporters.JUnitReportReporter -->
<testsuite hostname="DESKTOP-0MGR9KI" failures="0" tests="4" name="com.telemarket.task.test.TLMKT_TestTaskFollowUp" time="60.634" errors="0" timestamp="2022-07-12T09:55:44 ICT" skipped="1">
  <testcase classname="com.telemarket.task.test.TLMKT_TestTaskFollowUp" name="testFollowUpActivity_status_empty" time="20.645"/>
  <system-out/>
  <testcase classname="com.telemarket.task.test.TLMKT_TestTaskFollowUp" name="testFollowUpActivity_status_empty" time="20.006"/>
  <system-out/>
  <testcase classname="com.telemarket.task.test.TLMKT_TestTaskFollowUp" name="testFollowUpActivity_status_empty" time="19.983"/>
  <system-out/>
  <testcase classname="com.telemarket.task.test.TLMKT_TestTaskFollowUp" name="testFollowUpActivity_phoneSelect_phoneAdd_invalidChar">
    <skipped/>
  </testcase> <!-- testFollowUpActivity_phoneSelect_phoneAdd_invalidChar -->
  <system-out/>
</testsuite> <!-- com.telemarket.task.test.TLMKT_TestTaskFollowUp -->
