<?xml version="1.0" encoding="UTF-8"?>
<!-- Generated by org.testng.reporters.JUnitReportReporter -->
<testsuite hostname="LAPTOP-O6UDEKEP" failures="0" tests="3" name="com.telemarket.test.DataUploadTest" time="136.018" errors="0" timestamp="2022-07-06T15:31:16 ICT" skipped="0">
  <testcase classname="com.telemarket.test.DataUploadTest" name="uploadData" time="49.230"/>
  <system-out/>
  <testcase classname="com.telemarket.test.DataUploadTest" name="clickDataMenuIfDataisAnotherFormat" time="37.957"/>
  <system-out/>
  <testcase classname="com.telemarket.test.DataUploadTest" name="clickButtonStep" time="48.831"/>
  <system-out/>
</testsuite> <!-- com.telemarket.test.DataUploadTest -->
