<?xml version="1.0" encoding="UTF-8"?>
<!-- Generated by org.testng.reporters.JUnitReportReporter -->
<testsuite hostname="DESKTOP-0MGR9KI" failures="0" tests="2" name="com.telemarket.task.test.TLMKT_TestTaskNew" time="29.804" errors="0" timestamp="2022-07-11T16:01:23 ICT" skipped="1">
  <testcase classname="com.telemarket.task.test.TLMKT_TestTaskNew" name="testNewActivity_status_invalid" time="29.804"/>
  <system-out/>
  <testcase classname="com.telemarket.task.test.TLMKT_TestTaskNew" name="test_newActivity_phoneSelect_phoneAdd_invalidChar">
    <skipped/>
  </testcase> <!-- test_newActivity_phoneSelect_phoneAdd_invalidChar -->
  <system-out/>
</testsuite> <!-- com.telemarket.task.test.TLMKT_TestTaskNew -->
