<?xml version="1.0" encoding="UTF-8"?>
<!-- Generated by org.testng.reporters.JUnitReportReporter -->
<testsuite hostname="DESKTOP-J61BDUF" failures="0" tests="1" name="com.telemarket.report.test.ReportCallMonitoringTest" time="17.127" errors="0" timestamp="2022-07-11T15:13:07 ICT" skipped="0">
  <testcase classname="com.telemarket.report.test.ReportCallMonitoringTest" name="test_verif_monitoringALL_with_taskALL" time="17.127"/>
  <system-out/>
</testsuite> <!-- com.telemarket.report.test.ReportCallMonitoringTest -->
