<?xml version="1.0" encoding="UTF-8"?>
<!-- Generated by org.testng.reporters.JUnitReportReporter -->
<testsuite hostname="DESKTOP-0MGR9KI" failures="0" tests="7" name="com.telemarket.task.test.TLMKT_TestLogin" time="73.754" errors="0" timestamp="2022-07-07T15:06:47 ICT" skipped="0">
  <testcase classname="com.telemarket.task.test.TLMKT_TestLogin" name="test_login_username_valid_password_valid" time="10.078"/>
  <system-out/>
  <testcase classname="com.telemarket.task.test.TLMKT_TestLogin" name="test_login_username_valid_password_invalid" time="3.610"/>
  <system-out/>
  <testcase classname="com.telemarket.task.test.TLMKT_TestLogin" name="test_login_username_invalid_password_invalid" time="3.258"/>
  <system-out/>
  <testcase classname="com.telemarket.task.test.TLMKT_TestLogin" name="test_login_username_empty_password_empty" time="4.767"/>
  <system-out/>
  <testcase classname="com.telemarket.task.test.TLMKT_TestLogin" name="testLogin_usernameAndPasswordValid_clickGreenUsername" time="14.105"/>
  <system-out/>
  <testcase classname="com.telemarket.task.test.TLMKT_TestLogin" name="testLogin_usernameAndPasswordValid_clickGreenPassword" time="11.323"/>
  <system-out/>
  <testcase classname="com.telemarket.task.test.TLMKT_TestLogin" name="testNavigate" time="26.613"/>
  <system-out/>
</testsuite> <!-- com.telemarket.task.test.TLMKT_TestLogin -->
