<?xml version="1.0" encoding="UTF-8"?>
<!-- Generated by org.testng.reporters.JUnitReportReporter -->
<testsuite hostname="DESKTOP-J61BDUF" failures="0" tests="1" name="com.telemarket.usermanagement.test.MonitoringTest" time="11.489" errors="0" timestamp="2022-07-07T13:29:54 ICT" skipped="0">
  <testcase classname="com.telemarket.usermanagement.test.MonitoringTest" name="test_goto_recording" time="11.489"/>
  <system-out/>
</testsuite> <!-- com.telemarket.usermanagement.test.MonitoringTest -->
