<?xml version="1.0" encoding="UTF-8"?>
<!-- Generated by org.testng.reporters.JUnitReportReporter -->
<testsuite hostname="DESKTOP-0MGR9KI" failures="0" tests="13" name="com.telemarket.task.test.TLMKT_TestTaskNew" time="171.851" errors="0" timestamp="2022-07-07T15:06:47 ICT" skipped="1">
  <testcase classname="com.telemarket.task.test.TLMKT_TestTaskNew" name="test_new_search_valid" time="10.215"/>
  <system-out/>
  <testcase classname="com.telemarket.task.test.TLMKT_TestTaskNew" name="test_new_search_valid" time="10.183"/>
  <system-out/>
  <testcase classname="com.telemarket.task.test.TLMKT_TestTaskNew" name="test_new_search_valid" time="10.828"/>
  <system-out/>
  <testcase classname="com.telemarket.task.test.TLMKT_TestTaskNew" name="test_new_search_empty_and_unusual" time="10.502"/>
  <system-out/>
  <testcase classname="com.telemarket.task.test.TLMKT_TestTaskNew" name="test_new_search_empty_and_unusual" time="10.211"/>
  <system-out/>
  <testcase classname="com.telemarket.task.test.TLMKT_TestTaskNew" name="test_new_search_empty_and_unusual" time="10.381"/>
  <system-out/>
  <testcase classname="com.telemarket.task.test.TLMKT_TestTaskNew" name="test_new_export_data" time="12.026"/>
  <system-out/>
  <testcase classname="com.telemarket.task.test.TLMKT_TestTaskNew" name="test_clickTable_gotoActivity" time="27.555"/>
  <system-out/>
  <testcase classname="com.telemarket.task.test.TLMKT_TestTaskNew" name="test_newActivity_phoneSelect_phoneAddCancel" time="15.595"/>
  <system-out/>
  <testcase classname="com.telemarket.task.test.TLMKT_TestTaskNew" name="test_newActivity_phoneSelect_phoneAdd_valid" time="18.939"/>
  <system-out/>
  <testcase classname="com.telemarket.task.test.TLMKT_TestTaskNew" name="test_newActivity_phoneSelect_phoneAdd_invalid" time="17.649"/>
  <system-out/>
  <testcase classname="com.telemarket.task.test.TLMKT_TestTaskNew" name="test_newActivity_phoneSelect_phoneAdd_invalid" time="17.767"/>
  <system-out/>
  <testcase classname="com.telemarket.task.test.TLMKT_TestTaskNew" name="test_newActivity_phoneSelect_phoneAdd_invalidChar">
    <skipped/>
  </testcase> <!-- test_newActivity_phoneSelect_phoneAdd_invalidChar -->
  <system-out/>
</testsuite> <!-- com.telemarket.task.test.TLMKT_TestTaskNew -->
