<?xml version="1.0" encoding="UTF-8"?>
<!-- Generated by org.testng.reporters.JUnitReportReporter -->
<testsuite hostname="DESKTOP-0MGR9KI" failures="0" tests="7" name="com.telemarket.task.test.TLMKT_TestLogin" time="68.805" errors="0" timestamp="2022-07-12T14:10:50 ICT" skipped="0">
  <testcase classname="com.telemarket.task.test.TLMKT_TestLogin" name="testSPVLogin_validUsernamePassword" time="10.692"/>
  <system-out/>
  <testcase classname="com.telemarket.task.test.TLMKT_TestLogin" name="testSPVLogin_validUsername_invalidPassword" time="4.656"/>
  <system-out/>
  <testcase classname="com.telemarket.task.test.TLMKT_TestLogin" name="testSPVLogin_invalidUsernamePassword" time="4.895"/>
  <system-out/>
  <testcase classname="com.telemarket.task.test.TLMKT_TestLogin" name="testSPVLogin_emptyUsernamePassword" time="4.823"/>
  <system-out/>
  <testcase classname="com.telemarket.task.test.TLMKT_TestLogin" name="testSPVLogin_validUsernamePassword_btnGreenAtUsername" time="9.433"/>
  <system-out/>
  <testcase classname="com.telemarket.task.test.TLMKT_TestLogin" name="testSPVLogin_validUsernamePassword_btnGreenAtPassword" time="9.206"/>
  <system-out/>
  <testcase classname="com.telemarket.task.test.TLMKT_TestLogin" name="testSPVLogin_navigateMainPage" time="25.100"/>
  <system-out/>
</testsuite> <!-- com.telemarket.task.test.TLMKT_TestLogin -->
