<?xml version="1.0" encoding="UTF-8"?>
<!-- Generated by org.testng.reporters.JUnitReportReporter -->
<testsuite hostname="DESKTOP-J61BDUF" failures="0" tests="12" name="com.telemarket.report.test.ReportStatusCustomerTest" time="344.993" errors="0" timestamp="2022-07-11T13:13:34 ICT" skipped="1">
  <testcase classname="com.telemarket.report.test.ReportStatusCustomerTest" name="test_goto_reportStatusCustomerPage" time="16.452"/>
  <system-out/>
  <testcase classname="com.telemarket.report.test.ReportStatusCustomerTest" name="test_pageButton_first" time="30.592"/>
  <system-out/>
  <testcase classname="com.telemarket.report.test.ReportStatusCustomerTest" name="test_pageButton_2" time="30.896"/>
  <system-out/>
  <testcase classname="com.telemarket.report.test.ReportStatusCustomerTest" name="test_pageButton_3" time="30.689"/>
  <system-out/>
  <testcase classname="com.telemarket.report.test.ReportStatusCustomerTest" name="test_pageButton_4" time="30.466"/>
  <system-out/>
  <testcase classname="com.telemarket.report.test.ReportStatusCustomerTest" name="test_pageButton_last" time="30.625"/>
  <system-out/>
  <testcase classname="com.telemarket.report.test.ReportStatusCustomerTest" name="test_ShowPage_10" time="32.868"/>
  <system-out/>
  <testcase classname="com.telemarket.report.test.ReportStatusCustomerTest" name="test_ShowPage_25" time="33.434"/>
  <system-out/>
  <testcase classname="com.telemarket.report.test.ReportStatusCustomerTest" name="test_ShowPage_50" time="34.000"/>
  <system-out/>
  <testcase classname="com.telemarket.report.test.ReportStatusCustomerTest" name="test_ShowPage_100" time="34.318"/>
  <system-out/>
  <testcase classname="com.telemarket.report.test.ReportStatusCustomerTest" name="test_ShowPage_500" time="40.653"/>
  <system-out/>
  <testcase classname="com.telemarket.report.test.ReportStatusCustomerTest" name="click_export">
    <skipped/>
  </testcase> <!-- click_export -->
  <system-out/>
</testsuite> <!-- com.telemarket.report.test.ReportStatusCustomerTest -->
