<?xml version="1.0" encoding="UTF-8"?>
<!-- Generated by org.testng.reporters.JUnitReportReporter -->
<testsuite hostname="DESKTOP-0MGR9KI" failures="0" tests="4" name="com.telemarket.task.test.TLMKT_TestTaskNew" time="59.452" errors="0" timestamp="2022-07-11T19:52:38 ICT" skipped="1">
  <testcase classname="com.telemarket.task.test.TLMKT_TestTaskNew" name="testNewActivity_statusWA_empty" time="19.930"/>
  <system-out/>
  <testcase classname="com.telemarket.task.test.TLMKT_TestTaskNew" name="testNewActivity_statusWA_empty" time="19.266"/>
  <system-out/>
  <testcase classname="com.telemarket.task.test.TLMKT_TestTaskNew" name="testNewActivity_statusWA_empty" time="20.256"/>
  <system-out/>
  <testcase classname="com.telemarket.task.test.TLMKT_TestTaskNew" name="test_newActivity_phoneSelect_phoneAdd_invalidChar">
    <skipped/>
  </testcase> <!-- test_newActivity_phoneSelect_phoneAdd_invalidChar -->
  <system-out/>
</testsuite> <!-- com.telemarket.task.test.TLMKT_TestTaskNew -->
