<?xml version="1.0" encoding="UTF-8"?>
<!-- Generated by org.testng.reporters.JUnitReportReporter -->
<testsuite hostname="DESKTOP-0MGR9KI" failures="0" tests="2" name="com.telemarket.task.test.agn.AGN_TestTaskFollowUp" time="32.179" errors="0" timestamp="2022-07-11T10:14:58 ICT" skipped="1">
  <testcase classname="com.telemarket.task.test.agn.AGN_TestTaskFollowUp" name="testNewActivity_status_saveTolak_whatsapp" time="32.179"/>
  <system-out/>
  <testcase classname="com.telemarket.task.test.agn.AGN_TestTaskFollowUp" name="test_newActivity_phoneSelect_phoneAdd_invalidChar">
    <skipped/>
  </testcase> <!-- test_newActivity_phoneSelect_phoneAdd_invalidChar -->
  <system-out/>
</testsuite> <!-- com.telemarket.task.test.agn.AGN_TestTaskFollowUp -->
