<?xml version="1.0" encoding="UTF-8"?>
<!-- Generated by org.testng.reporters.JUnitReportReporter -->
<testsuite hostname="DESKTOP-0MGR9KI" failures="0" tests="1" name="com.telemarket.task.test.TLMKT_TestTaskAgree" time="29.253" errors="0" timestamp="2022-07-11T14:41:45 ICT" skipped="0">
  <testcase classname="com.telemarket.task.test.TLMKT_TestTaskAgree" name="testAgree_activity_link" time="29.253"/>
  <system-out/>
</testsuite> <!-- com.telemarket.task.test.TLMKT_TestTaskAgree -->
