<?xml version="1.0" encoding="UTF-8"?>
<!-- Generated by org.testng.reporters.JUnitReportReporter -->
<testsuite hostname="DESKTOP-0MGR9KI" failures="0" tests="1" name="com.telemarket.task.test.agn.AGN_TestTaskFinal" time="23.437" errors="0" timestamp="2022-07-11T11:57:51 ICT" skipped="0">
  <testcase classname="com.telemarket.task.test.agn.AGN_TestTaskFinal" name="testFinal_clickTable_gotoActivity" time="23.437"/>
  <system-out/>
</testsuite> <!-- com.telemarket.task.test.agn.AGN_TestTaskFinal -->
