<?xml version="1.0" encoding="UTF-8"?>
<!-- Generated by org.testng.reporters.JUnitReportReporter -->
<testsuite hostname="DESKTOP-J61BDUF" failures="0" tests="1" name="com.telemarket.report.test.ReportActivityTest" time="24.382" errors="0" timestamp="2022-07-06T13:43:08 ICT" skipped="0">
  <testcase classname="com.telemarket.report.test.ReportActivityTest" name="test_checkAllAgent_Valid" time="24.382"/>
  <system-out/>
</testsuite> <!-- com.telemarket.report.test.ReportActivityTest -->
