<?xml version="1.0" encoding="UTF-8"?>
<!-- Generated by org.testng.reporters.JUnitReportReporter -->
<testsuite hostname="DESKTOP-0MGR9KI" failures="0" tests="7" name="com.telemarket.task.test.agn.AGN_TestDataAll" time="136.859" errors="0" timestamp="2022-07-12T13:24:37 ICT" skipped="1">
  <testcase classname="com.telemarket.task.test.agn.AGN_TestDataAll" name="testDataAllActivity_status_empty" time="23.085"/>
  <system-out/>
  <testcase classname="com.telemarket.task.test.agn.AGN_TestDataAll" name="testDataAllActivity_status_empty" time="22.171"/>
  <system-out/>
  <testcase classname="com.telemarket.task.test.agn.AGN_TestDataAll" name="testDataAllActivity_status_empty" time="22.151"/>
  <system-out/>
  <testcase classname="com.telemarket.task.test.agn.AGN_TestDataAll" name="testDataAllActivity_status_empty" time="24.127"/>
  <system-out/>
  <testcase classname="com.telemarket.task.test.agn.AGN_TestDataAll" name="testDataAllActivity_status_empty" time="21.877"/>
  <system-out/>
  <testcase classname="com.telemarket.task.test.agn.AGN_TestDataAll" name="testDataAllActivity_status_empty" time="23.448"/>
  <system-out/>
  <testcase classname="com.telemarket.task.test.agn.AGN_TestDataAll" name="testDataAllActivity_phoneSelect_phoneAdd_invalidChar">
    <skipped/>
  </testcase> <!-- testDataAllActivity_phoneSelect_phoneAdd_invalidChar -->
  <system-out/>
</testsuite> <!-- com.telemarket.task.test.agn.AGN_TestDataAll -->
