<?xml version="1.0" encoding="UTF-8"?>
<!-- Generated by org.testng.reporters.JUnitReportReporter -->
<testsuite hostname="DESKTOP-J61BDUF" failures="0" tests="1" name="com.telemarket.usermanagement.test.PhoneApproveTest" time="14.020" errors="0" timestamp="2022-07-07T09:31:06 ICT" skipped="0">
  <testcase classname="com.telemarket.usermanagement.test.PhoneApproveTest" name="test_approveButton_1Checked" time="14.020"/>
  <system-out/>
</testsuite> <!-- com.telemarket.usermanagement.test.PhoneApproveTest -->
