<?xml version="1.0" encoding="UTF-8"?>
<!-- Generated by org.testng.reporters.JUnitReportReporter -->
<testsuite hostname="DESKTOP-0MGR9KI" failures="0" tests="4" name="com.telemarket.task.test.TLMKT_TestTaskFinal" time="85.296" errors="0" timestamp="2022-07-12T15:31:55 ICT" skipped="0">
  <testcase classname="com.telemarket.task.test.TLMKT_TestTaskFinal" name="testSPVFinal_goToFinalPage" time="12.127"/>
  <system-out/>
  <testcase classname="com.telemarket.task.test.TLMKT_TestTaskFinal" name="testSPVFinal_validSearch" time="17.968"/>
  <system-out/>
  <testcase classname="com.telemarket.task.test.TLMKT_TestTaskFinal" name="testSPVFinal_validSearch_btnGreen" time="22.144"/>
  <system-out/>
  <testcase classname="com.telemarket.task.test.TLMKT_TestTaskFinal" name="testSPVFinal_clickTableToActivity" time="33.057"/>
  <system-out/>
</testsuite> <!-- com.telemarket.task.test.TLMKT_TestTaskFinal -->
