<?xml version="1.0" encoding="UTF-8"?>
<!-- Generated by org.testng.reporters.JUnitReportReporter -->
<testsuite hostname="DESKTOP-0MGR9KI" failures="0" tests="1" name="com.telemarket.task.test.TLMKT_TestTaskFollowUp" time="30.612" errors="0" timestamp="2022-07-07T00:26:12 ICT" skipped="0">
  <testcase classname="com.telemarket.task.test.TLMKT_TestTaskFollowUp" name="testFollowUp_clickTable_gotoActivity" time="30.612"/>
  <system-out/>
</testsuite> <!-- com.telemarket.task.test.TLMKT_TestTaskFollowUp -->
