<?xml version="1.0" encoding="UTF-8"?>
<!-- Generated by org.testng.reporters.JUnitReportReporter -->
<testsuite hostname="DESKTOP-J61BDUF" failures="0" tests="1" name="com.telemarket.usermanagement.test.RecordingTest" time="21.146" errors="0" timestamp="2022-07-08T11:59:28 ICT" skipped="0">
  <testcase classname="com.telemarket.usermanagement.test.RecordingTest" name="test_showPage_25" time="21.146"/>
  <system-out/>
</testsuite> <!-- com.telemarket.usermanagement.test.RecordingTest -->
