<?xml version="1.0" encoding="UTF-8"?>
<!-- Generated by org.testng.reporters.JUnitReportReporter -->
<testsuite hostname="DESKTOP-0MGR9KI" failures="0" tests="1" name="com.telemarket.task.test.TLMKT_TestTaskFinal" time="15.703" errors="0" timestamp="2022-07-11T11:54:35 ICT" skipped="0">
  <testcase classname="com.telemarket.task.test.TLMKT_TestTaskFinal" name="test_final_search_valid_greenBtn" time="15.703"/>
  <system-out/>
</testsuite> <!-- com.telemarket.task.test.TLMKT_TestTaskFinal -->
