<?xml version="1.0" encoding="UTF-8"?>
<!-- Generated by org.testng.reporters.JUnitReportReporter -->
<testsuite hostname="DESKTOP-0MGR9KI" failures="0" tests="9" name="com.telemarket.task.test.TLMKT_TestTaskAgree" time="125.727" errors="0" timestamp="2022-07-07T15:06:47 ICT" skipped="0">
  <testcase classname="com.telemarket.task.test.TLMKT_TestTaskAgree" name="test_agree_search_valid" time="11.757"/>
  <system-out/>
  <testcase classname="com.telemarket.task.test.TLMKT_TestTaskAgree" name="test_agree_search_valid" time="11.567"/>
  <system-out/>
  <testcase classname="com.telemarket.task.test.TLMKT_TestTaskAgree" name="test_agree_search_valid" time="11.106"/>
  <system-out/>
  <testcase classname="com.telemarket.task.test.TLMKT_TestTaskAgree" name="test_agree_search_empty_and_unusual" time="13.155"/>
  <system-out/>
  <testcase classname="com.telemarket.task.test.TLMKT_TestTaskAgree" name="test_agree_search_empty_and_unusual" time="12.266"/>
  <system-out/>
  <testcase classname="com.telemarket.task.test.TLMKT_TestTaskAgree" name="test_agree_search_empty_and_unusual" time="12.240"/>
  <system-out/>
  <testcase classname="com.telemarket.task.test.TLMKT_TestTaskAgree" name="test_agree_search_empty_and_unusual" time="12.185"/>
  <system-out/>
  <testcase classname="com.telemarket.task.test.TLMKT_TestTaskAgree" name="test_agree_export_data" time="12.051"/>
  <system-out/>
  <testcase classname="com.telemarket.task.test.TLMKT_TestTaskAgree" name="testAgree_clickTable_gotoActivity" time="29.400"/>
  <system-out/>
</testsuite> <!-- com.telemarket.task.test.TLMKT_TestTaskAgree -->
