<?xml version="1.0" encoding="UTF-8"?>
<!-- Generated by org.testng.reporters.JUnitReportReporter -->
<testsuite hostname="DESKTOP-0MGR9KI" failures="0" tests="4" name="com.telemarket.task.test.agn.AGN_TestTaskNew" time="59.860" errors="0" timestamp="2022-07-12T09:19:03 ICT" skipped="1">
  <testcase classname="com.telemarket.task.test.agn.AGN_TestTaskNew" name="testNewActivity_status_empty" time="20.156"/>
  <system-out/>
  <testcase classname="com.telemarket.task.test.agn.AGN_TestTaskNew" name="testNewActivity_status_empty" time="19.170"/>
  <system-out/>
  <testcase classname="com.telemarket.task.test.agn.AGN_TestTaskNew" name="testNewActivity_status_empty" time="20.534"/>
  <system-out/>
  <testcase classname="com.telemarket.task.test.agn.AGN_TestTaskNew" name="test_newActivity_phoneSelect_phoneAdd_invalidChar">
    <skipped/>
  </testcase> <!-- test_newActivity_phoneSelect_phoneAdd_invalidChar -->
  <system-out/>
</testsuite> <!-- com.telemarket.task.test.agn.AGN_TestTaskNew -->
