<?xml version="1.0" encoding="UTF-8"?>
<!-- Generated by org.testng.reporters.JUnitReportReporter -->
<testsuite hostname="DESKTOP-0MGR9KI" failures="0" tests="3" name="com.telemarket.task.test.TLMKT_TestDataAll" time="55.971" errors="0" timestamp="2022-07-07T15:17:03 ICT" skipped="0">
  <testcase classname="com.telemarket.task.test.TLMKT_TestDataAll" name="test_all_search_valid" time="18.731"/>
  <system-out/>
  <testcase classname="com.telemarket.task.test.TLMKT_TestDataAll" name="test_all_search_valid" time="18.766"/>
  <system-out/>
  <testcase classname="com.telemarket.task.test.TLMKT_TestDataAll" name="test_all_search_valid" time="18.474"/>
  <system-out/>
</testsuite> <!-- com.telemarket.task.test.TLMKT_TestDataAll -->
