<?xml version="1.0" encoding="UTF-8"?>
<!-- Generated by org.testng.reporters.JUnitReportReporter -->
<testsuite hostname="DESKTOP-J61BDUF" failures="0" tests="1" name="com.telemarket.report.test.ReportCallMonitoringTest" time="14.583" errors="0" timestamp="2022-07-06T15:45:42 ICT" skipped="0">
  <testcase classname="com.telemarket.report.test.ReportCallMonitoringTest" name="test_goto_reportCallMonitoringPage" time="14.583"/>
  <system-out/>
</testsuite> <!-- com.telemarket.report.test.ReportCallMonitoringTest -->
