<?xml version="1.0" encoding="UTF-8"?>
<!-- Generated by org.testng.reporters.JUnitReportReporter -->
<testsuite hostname="DESKTOP-J61BDUF" failures="0" tests="1" name="com.telemarket.main.LogoutTest" time="11.988" errors="0" timestamp="2022-07-11T10:32:47 ICT" skipped="0">
  <testcase classname="com.telemarket.main.LogoutTest" name="test_NoLogout" time="11.988"/>
  <system-out/>
</testsuite> <!-- com.telemarket.main.LogoutTest -->
