<?xml version="1.0" encoding="UTF-8"?>
<!-- Generated by org.testng.reporters.JUnitReportReporter -->
<testsuite hostname="DESKTOP-0MGR9KI" failures="0" tests="1" name="com.telemarket.task.test.TLMKT_TestTaskAgree" time="30.625" errors="0" timestamp="2022-07-07T00:05:09 ICT" skipped="0">
  <testcase classname="com.telemarket.task.test.TLMKT_TestTaskAgree" name="testAgree_clickTable_gotoActivity" time="30.625"/>
  <system-out/>
</testsuite> <!-- com.telemarket.task.test.TLMKT_TestTaskAgree -->
