<?xml version="1.0" encoding="UTF-8"?>
<!-- Generated by org.testng.reporters.JUnitReportReporter -->
<testsuite hostname="DESKTOP-0MGR9KI" failures="0" tests="4" name="com.telemarket.task.test.agn.AGN_TestTaskFinal" time="90.824" errors="0" timestamp="2022-07-12T15:40:02 ICT" skipped="0">
  <testcase classname="com.telemarket.task.test.agn.AGN_TestTaskFinal" name="testAGNFinal_goToFinalPage" time="19.925"/>
  <system-out/>
  <testcase classname="com.telemarket.task.test.agn.AGN_TestTaskFinal" name="testAGNFinal_validSearch" time="20.161"/>
  <system-out/>
  <testcase classname="com.telemarket.task.test.agn.AGN_TestTaskFinal" name="testAGNFinal_validSearch_btnGreen" time="18.768"/>
  <system-out/>
  <testcase classname="com.telemarket.task.test.agn.AGN_TestTaskFinal" name="testSPVFinal_clickTableToActivity" time="31.970"/>
  <system-out/>
</testsuite> <!-- com.telemarket.task.test.agn.AGN_TestTaskFinal -->
