<?xml version="1.0" encoding="UTF-8"?>
<!-- Generated by org.testng.reporters.JUnitReportReporter -->
<testsuite hostname="DESKTOP-0MGR9KI" failures="0" tests="1" name="com.telemarket.task.test.TLMKT_TestLogin" time="20.594" errors="0" timestamp="2022-07-06T15:57:02 ICT" skipped="0">
  <testcase classname="com.telemarket.task.test.TLMKT_TestLogin" name="testNavigate" time="20.594"/>
  <system-out/>
</testsuite> <!-- com.telemarket.task.test.TLMKT_TestLogin -->
