<?xml version="1.0" encoding="UTF-8"?>
<!-- Generated by org.testng.reporters.JUnitReportReporter -->
<testsuite hostname="DESKTOP-0MGR9KI" failures="0" tests="3" name="com.telemarket.task.test.TLMKT_TestTaskFollowUp" time="37.135" errors="0" timestamp="2022-07-11T10:49:50 ICT" skipped="1">
  <testcase classname="com.telemarket.task.test.TLMKT_TestTaskFollowUp" name="test_newActivity_phoneSelect_phoneAdd_invalid" time="18.775"/>
  <system-out/>
  <testcase classname="com.telemarket.task.test.TLMKT_TestTaskFollowUp" name="test_newActivity_phoneSelect_phoneAdd_invalid" time="18.360"/>
  <system-out/>
  <testcase classname="com.telemarket.task.test.TLMKT_TestTaskFollowUp" name="test_newActivity_phoneSelect_phoneAdd_invalidChar">
    <skipped/>
  </testcase> <!-- test_newActivity_phoneSelect_phoneAdd_invalidChar -->
  <system-out/>
</testsuite> <!-- com.telemarket.task.test.TLMKT_TestTaskFollowUp -->
