<?xml version="1.0" encoding="UTF-8"?>
<!-- Generated by org.testng.reporters.JUnitReportReporter -->
<testsuite hostname="DESKTOP-0MGR9KI" failures="0" tests="14" name="com.telemarket.task.test.TLMKT_TestTaskNew" time="180.886" errors="0" timestamp="2022-07-06T15:44:29 ICT" skipped="1">
  <testcase classname="com.telemarket.task.test.TLMKT_TestTaskNew" name="test_search_valid" time="11.037"/>
  <system-out/>
  <testcase classname="com.telemarket.task.test.TLMKT_TestTaskNew" name="test_search_valid" time="11.060"/>
  <system-out/>
  <testcase classname="com.telemarket.task.test.TLMKT_TestTaskNew" name="test_search_valid" time="10.558"/>
  <system-out/>
  <testcase classname="com.telemarket.task.test.TLMKT_TestTaskNew" name="test_search_empty_and_unusual" time="10.383"/>
  <system-out/>
  <testcase classname="com.telemarket.task.test.TLMKT_TestTaskNew" name="test_search_empty_and_unusual" time="10.462"/>
  <system-out/>
  <testcase classname="com.telemarket.task.test.TLMKT_TestTaskNew" name="test_search_empty_and_unusual" time="10.376"/>
  <system-out/>
  <testcase classname="com.telemarket.task.test.TLMKT_TestTaskNew" name="test_search_empty_and_unusual" time="10.350"/>
  <system-out/>
  <testcase classname="com.telemarket.task.test.TLMKT_TestTaskNew" name="test_export_dataNew" time="12.144"/>
  <system-out/>
  <testcase classname="com.telemarket.task.test.TLMKT_TestTaskNew" name="test_clickTable_gotoActivity" time="27.763"/>
  <system-out/>
  <testcase classname="com.telemarket.task.test.TLMKT_TestTaskNew" name="test_newActivity_phoneSelect_phoneAddCancel" time="13.976"/>
  <system-out/>
  <testcase classname="com.telemarket.task.test.TLMKT_TestTaskNew" name="test_newActivity_phoneSelect_phoneAdd_valid" time="16.880"/>
  <system-out/>
  <testcase classname="com.telemarket.task.test.TLMKT_TestTaskNew" name="test_newActivity_phoneSelect_phoneAdd_invalid" time="17.925"/>
  <system-out/>
  <testcase classname="com.telemarket.task.test.TLMKT_TestTaskNew" name="test_newActivity_phoneSelect_phoneAdd_invalid" time="17.972"/>
  <system-out/>
  <testcase classname="com.telemarket.task.test.TLMKT_TestTaskNew" name="test_newActivity_phoneSelect_phoneAdd_invalidChar">
    <skipped/>
  </testcase> <!-- test_newActivity_phoneSelect_phoneAdd_invalidChar -->
  <system-out/>
</testsuite> <!-- com.telemarket.task.test.TLMKT_TestTaskNew -->
